This file contains any messages produced by compilers while
running configure, to aid debugging if configure makes a mistake.

It was created by qLibc configure 2 RELEASE, which was
generated by GNU Autoconf 2.69.  Invocation command line was

  $ ./configure 

## --------- ##
## Platform. ##
## --------- ##

hostname = mx
uname -m = x86_64
uname -r = 4.19.0-6-amd64
uname -s = Linux
uname -v = #1 SMP Debian 4.19.67-2+deb10u2 (2019-11-11)

/usr/bin/uname -p = unknown
/bin/uname -X     = unknown

/bin/arch              = x86_64
/usr/bin/arch -k       = unknown
/usr/convex/getsysinfo = unknown
/usr/bin/hostinfo      = unknown
/bin/machine           = unknown
/usr/bin/oslevel       = unknown
/bin/universe          = unknown

PATH: /usr/local/bin
PATH: /usr/bin
PATH: /bin
PATH: /usr/local/games
PATH: /usr/games
PATH: /sbin
PATH: /usr/sbin


## ----------- ##
## Core tests. ##
## ----------- ##

configure:2388: checking for gcc
configure:2404: found /usr/bin/gcc
configure:2415: result: gcc
configure:2644: checking for C compiler version
configure:2653: gcc --version >&5
gcc (Debian 8.3.0-6) 8.3.0
Copyright (C) 2018 Free Software Foundation, Inc.
This is free software; see the source for copying conditions.  There is NO
warranty; not even for MERCHANTABILITY or FITNESS FOR A PARTICULAR PURPOSE.

configure:2664: $? = 0
configure:2653: gcc -v >&5
Using built-in specs.
COLLECT_GCC=gcc
COLLECT_LTO_WRAPPER=/usr/lib/gcc/x86_64-linux-gnu/8/lto-wrapper
OFFLOAD_TARGET_NAMES=nvptx-none
OFFLOAD_TARGET_DEFAULT=1
Target: x86_64-linux-gnu
Configured with: ../src/configure -v --with-pkgversion='Debian 8.3.0-6' --with-bugurl=file:///usr/share/doc/gcc-8/README.Bugs --enable-languages=c,ada,c++,go,brig,d,fortran,objc,obj-c++ --prefix=/usr --with-gcc-major-version-only --program-suffix=-8 --program-prefix=x86_64-linux-gnu- --enable-shared --enable-linker-build-id --libexecdir=/usr/lib --without-included-gettext --enable-threads=posix --libdir=/usr/lib --enable-nls --enable-bootstrap --enable-clocale=gnu --enable-libstdcxx-debug --enable-libstdcxx-time=yes --with-default-libstdcxx-abi=new --enable-gnu-unique-object --disable-vtable-verify --enable-libmpx --enable-plugin --enable-default-pie --with-system-zlib --with-target-system-zlib --enable-objc-gc=auto --enable-multiarch --disable-werror --with-arch-32=i686 --with-abi=m64 --with-multilib-list=m32,m64,mx32 --enable-multilib --with-tune=generic --enable-offload-targets=nvptx-none --without-cuda-driver --enable-checking=release --build=x86_64-linux-gnu --host=x86_64-linux-gnu --target=x86_64-linux-gnu
Thread model: posix
gcc version 8.3.0 (Debian 8.3.0-6) 
configure:2664: $? = 0
configure:2653: gcc -V >&5
gcc: error: unrecognized command line option '-V'
gcc: fatal error: no input files
compilation terminated.
configure:2664: $? = 1
configure:2653: gcc -qversion >&5
gcc: error: unrecognized command line option '-qversion'; did you mean '--version'?
gcc: fatal error: no input files
compilation terminated.
configure:2664: $? = 1
configure:2684: checking whether the C compiler works
configure:2706: gcc   -D_GNU_SOURCE -D_LARGEFILE_SOURCE -D_FILE_OFFSET_BITS=64 -I/usr/include -I/usr/local/include  -L/usr/lib -L/usr/local/lib conftest.c  >&5
configure:2710: $? = 0
configure:2758: result: yes
configure:2761: checking for C compiler default output file name
configure:2763: result: a.out
configure:2769: checking for suffix of executables
configure:2776: gcc -o conftest   -D_GNU_SOURCE -D_LARGEFILE_SOURCE -D_FILE_OFFSET_BITS=64 -I/usr/include -I/usr/local/include  -L/usr/lib -L/usr/local/lib conftest.c  >&5
configure:2780: $? = 0
configure:2802: result: 
configure:2824: checking whether we are cross compiling
configure:2832: gcc -o conftest   -D_GNU_SOURCE -D_LARGEFILE_SOURCE -D_FILE_OFFSET_BITS=64 -I/usr/include -I/usr/local/include  -L/usr/lib -L/usr/local/lib conftest.c  >&5
configure:2836: $? = 0
configure:2843: ./conftest
configure:2847: $? = 0
configure:2835: result: no
configure:2840: checking for suffix of object files
configure:2862: gcc -c   -D_GNU_SOURCE -D_LARGEFILE_SOURCE -D_FILE_OFFSET_BITS=64 -I/usr/include -I/usr/local/include conftest.c >&5
configure:2866: $? = 0
configure:2887: result: o
configure:2891: checking whether we are using the GNU C compiler
configure:2910: gcc -c   -D_GNU_SOURCE -D_LARGEFILE_SOURCE -D_FILE_OFFSET_BITS=64 -I/usr/include -I/usr/local/include conftest.c >&5
configure:2910: $? = 0
configure:2919: result: yes
configure:2928: checking whether gcc accepts -g
configure:2948: gcc -c -g  -D_GNU_SOURCE -D_LARGEFILE_SOURCE -D_FILE_OFFSET_BITS=64 -I/usr/include -I/usr/local/include conftest.c >&5
configure:2948: $? = 0
configure:2989: result: yes
configure:3006: checking for gcc option to accept ISO C89
configure:3069: gcc  -c -g -O2  -D_GNU_SOURCE -D_LARGEFILE_SOURCE -D_FILE_OFFSET_BITS=64 -I/usr/include -I/usr/local/include conftest.c >&5
configure:3069: $? = 0
configure:3082: result: none needed
configure:3107: checking for gcc option to accept ISO C99
configure:3256: gcc  -c -g -O2 -Wall -Wstrict-prototypes -fPIC  -D_GNU_SOURCE -D_LARGEFILE_SOURCE -D_FILE_OFFSET_BITS=64 -I/usr/include -I/usr/local/include conftest.c >&5
conftest.c: In function 'test_varargs':
conftest.c:80:9: warning: variable 'fnumber' set but not used [-Wunused-but-set-variable]
   float fnumber;
         ^~~~~~~
conftest.c:79:7: warning: variable 'number' set but not used [-Wunused-but-set-variable]
   int number;
       ^~~~~~
conftest.c:78:15: warning: variable 'str' set but not used [-Wunused-but-set-variable]
   const char *str;
               ^~~
conftest.c: At top level:
conftest.c:104:1: warning: function declaration isn't a prototype [-Wstrict-prototypes]
 main ()
 ^~~~
configure:3256: $? = 0
configure:3269: result: none needed
configure:3334: checking for a BSD-compatible install
configure:3402: result: /usr/bin/install -c
configure:3413: checking for a thread-safe mkdir -p
configure:3452: result: /usr/bin/mkdir -p
configure:3455: checking whether ln -s works
configure:3459: result: yes
configure:3466: checking whether make sets $(MAKE)
configure:3488: result: yes
configure:3540: checking for ranlib
configure:3556: found /usr/bin/ranlib
configure:3567: result: ranlib
configure:3592: checking for ar
configure:3610: found /usr/bin/ar
configure:3622: result: /usr/bin/ar
configure:3632: checking for chmod
configure:3650: found /usr/bin/chmod
configure:3662: result: /usr/bin/chmod
configure:3672: checking for ld
configure:3690: found /usr/bin/ld
configure:3702: result: /usr/bin/ld
configure:3712: checking for rm
configure:3730: found /usr/bin/rm
configure:3742: result: /usr/bin/rm
configure:3758: checking how to run the C preprocessor
configure:3789: gcc -E  -D_GNU_SOURCE -D_LARGEFILE_SOURCE -D_FILE_OFFSET_BITS=64 -I/usr/include -I/usr/local/include conftest.c
configure:3789: $? = 0
configure:3803: gcc -E  -D_GNU_SOURCE -D_LARGEFILE_SOURCE -D_FILE_OFFSET_BITS=64 -I/usr/include -I/usr/local/include conftest.c
conftest.c:9:10: fatal error: ac_nonexistent.h: No such file or directory
 #include <ac_nonexistent.h>
          ^~~~~~~~~~~~~~~~~~
compilation terminated.
configure:3803: $? = 1
configure: failed program was:
| /* confdefs.h */
| #define PACKAGE_NAME "qLibc"
| #define PACKAGE_TARNAME "qlibc"
| #define PACKAGE_VERSION "2 RELEASE"
| #define PACKAGE_STRING "qLibc 2 RELEASE"
| #define PACKAGE_BUGREPORT "https://github.com/wolkykim/qlibc"
| #define PACKAGE_URL ""
| /* end confdefs.h.  */
| #include <ac_nonexistent.h>
configure:3828: result: gcc -E
configure:3848: gcc -E  -D_GNU_SOURCE -D_LARGEFILE_SOURCE -D_FILE_OFFSET_BITS=64 -I/usr/include -I/usr/local/include conftest.c
configure:3848: $? = 0
configure:3862: gcc -E  -D_GNU_SOURCE -D_LARGEFILE_SOURCE -D_FILE_OFFSET_BITS=64 -I/usr/include -I/usr/local/include conftest.c
conftest.c:9:10: fatal error: ac_nonexistent.h: No such file or directory
 #include <ac_nonexistent.h>
          ^~~~~~~~~~~~~~~~~~
compilation terminated.
configure:3862: $? = 1
configure: failed program was:
| /* confdefs.h */
| #define PACKAGE_NAME "qLibc"
| #define PACKAGE_TARNAME "qlibc"
| #define PACKAGE_VERSION "2 RELEASE"
| #define PACKAGE_STRING "qLibc 2 RELEASE"
| #define PACKAGE_BUGREPORT "https://github.com/wolkykim/qlibc"
| #define PACKAGE_URL ""
| /* end confdefs.h.  */
| #include <ac_nonexistent.h>
configure:3891: checking for grep that handles long lines and -e
configure:3949: result: /usr/bin/grep
configure:3954: checking for egrep
configure:4016: result: /usr/bin/grep -E
configure:4021: checking for ANSI C header files
configure:4041: gcc -c -g -O2 -Wall -Wstrict-prototypes -fPIC  -D_GNU_SOURCE -D_LARGEFILE_SOURCE -D_FILE_OFFSET_BITS=64 -I/usr/include -I/usr/local/include conftest.c >&5
conftest.c:15:1: warning: function declaration isn't a prototype [-Wstrict-prototypes]
 main ()
 ^~~~
configure:4041: $? = 0
configure:4114: gcc -o conftest -g -O2 -Wall -Wstrict-prototypes -fPIC  -D_GNU_SOURCE -D_LARGEFILE_SOURCE -D_FILE_OFFSET_BITS=64 -I/usr/include -I/usr/local/include  -L/usr/lib -L/usr/local/lib conftest.c  >&5
conftest.c:21:1: warning: function declaration isn't a prototype [-Wstrict-prototypes]
 main ()
 ^~~~
configure:4114: $? = 0
configure:4114: ./conftest
configure:4114: $? = 0
configure:4125: result: yes
configure:4138: checking for sys/types.h
configure:4138: gcc -c -g -O2 -Wall -Wstrict-prototypes -fPIC  -D_GNU_SOURCE -D_LARGEFILE_SOURCE -D_FILE_OFFSET_BITS=64 -I/usr/include -I/usr/local/include conftest.c >&5
configure:4138: $? = 0
configure:4138: result: yes
configure:4138: checking for sys/stat.h
configure:4138: gcc -c -g -O2 -Wall -Wstrict-prototypes -fPIC  -D_GNU_SOURCE -D_LARGEFILE_SOURCE -D_FILE_OFFSET_BITS=64 -I/usr/include -I/usr/local/include conftest.c >&5
configure:4138: $? = 0
configure:4138: result: yes
configure:4138: checking for stdlib.h
configure:4138: gcc -c -g -O2 -Wall -Wstrict-prototypes -fPIC  -D_GNU_SOURCE -D_LARGEFILE_SOURCE -D_FILE_OFFSET_BITS=64 -I/usr/include -I/usr/local/include conftest.c >&5
configure:4138: $? = 0
configure:4138: result: yes
configure:4138: checking for string.h
configure:4138: gcc -c -g -O2 -Wall -Wstrict-prototypes -fPIC  -D_GNU_SOURCE -D_LARGEFILE_SOURCE -D_FILE_OFFSET_BITS=64 -I/usr/include -I/usr/local/include conftest.c >&5
configure:4138: $? = 0
configure:4138: result: yes
configure:4138: checking for memory.h
configure:4138: gcc -c -g -O2 -Wall -Wstrict-prototypes -fPIC  -D_GNU_SOURCE -D_LARGEFILE_SOURCE -D_FILE_OFFSET_BITS=64 -I/usr/include -I/usr/local/include conftest.c >&5
configure:4138: $? = 0
configure:4138: result: yes
configure:4138: checking for strings.h
configure:4138: gcc -c -g -O2 -Wall -Wstrict-prototypes -fPIC  -D_GNU_SOURCE -D_LARGEFILE_SOURCE -D_FILE_OFFSET_BITS=64 -I/usr/include -I/usr/local/include conftest.c >&5
configure:4138: $? = 0
configure:4138: result: yes
configure:4138: checking for inttypes.h
configure:4138: gcc -c -g -O2 -Wall -Wstrict-prototypes -fPIC  -D_GNU_SOURCE -D_LARGEFILE_SOURCE -D_FILE_OFFSET_BITS=64 -I/usr/include -I/usr/local/include conftest.c >&5
configure:4138: $? = 0
configure:4138: result: yes
configure:4138: checking for stdint.h
configure:4138: gcc -c -g -O2 -Wall -Wstrict-prototypes -fPIC  -D_GNU_SOURCE -D_LARGEFILE_SOURCE -D_FILE_OFFSET_BITS=64 -I/usr/include -I/usr/local/include conftest.c >&5
configure:4138: $? = 0
configure:4138: result: yes
configure:4138: checking for unistd.h
configure:4138: gcc -c -g -O2 -Wall -Wstrict-prototypes -fPIC  -D_GNU_SOURCE -D_LARGEFILE_SOURCE -D_FILE_OFFSET_BITS=64 -I/usr/include -I/usr/local/include conftest.c >&5
configure:4138: $? = 0
configure:4138: result: yes
configure:4150: checking for stdbool.h that conforms to C99
configure:4217: gcc -c -g -O2 -Wall -Wstrict-prototypes -fPIC  -D_GNU_SOURCE -D_LARGEFILE_SOURCE -D_FILE_OFFSET_BITS=64 -I/usr/include -I/usr/local/include conftest.c >&5
conftest.c:65:1: warning: function declaration isn't a prototype [-Wstrict-prototypes]
 main ()
 ^~~~
conftest.c: In function 'main':
conftest.c:68:14: warning: the address of 's' will always evaluate as 'true' [-Waddress]
              bool e = &s;
              ^~~~
conftest.c:72:22: warning: the address of 'a' will always evaluate as 'true' [-Waddress]
              return (!a + !b + !c + !d + !e + !f + !g + !h + !i + !!j + !k + !!l
                      ^
conftest.c:72:27: warning: the address of 'b' will always evaluate as 'true' [-Waddress]
              return (!a + !b + !c + !d + !e + !f + !g + !h + !i + !!j + !k + !!l
                           ^
conftest.c:72:32: warning: the address of 'c' will always evaluate as 'true' [-Waddress]
              return (!a + !b + !c + !d + !e + !f + !g + !h + !i + !!j + !k + !!l
                                ^
conftest.c:72:37: warning: the address of 'd' will always evaluate as 'true' [-Waddress]
              return (!a + !b + !c + !d + !e + !f + !g + !h + !i + !!j + !k + !!l
                                     ^
conftest.c:72:47: warning: the address of 'f' will always evaluate as 'true' [-Waddress]
              return (!a + !b + !c + !d + !e + !f + !g + !h + !i + !!j + !k + !!l
                                               ^
conftest.c:72:52: warning: the address of 'g' will always evaluate as 'true' [-Waddress]
              return (!a + !b + !c + !d + !e + !f + !g + !h + !i + !!j + !k + !!l
                                                    ^
conftest.c:72:57: warning: the address of 'h' will always evaluate as 'true' [-Waddress]
              return (!a + !b + !c + !d + !e + !f + !g + !h + !i + !!j + !k + !!l
                                                         ^
conftest.c:72:62: warning: the address of 'i' will always evaluate as 'true' [-Waddress]
              return (!a + !b + !c + !d + !e + !f + !g + !h + !i + !!j + !k + !!l
                                                              ^
conftest.c:73:29: warning: the address of 'n' will always evaluate as 'true' [-Waddress]
                             ^
conftest.c:73:34: warning: the address of 'o' will always evaluate as 'true' [-Waddress]
                                  ^
conftest.c:73:39: warning: the address of 'p' will always evaluate as 'true' [-Waddress]
                                       ^
configure:4217: $? = 0
configure:4224: result: yes
configure:4226: checking for _Bool
configure:4226: gcc -c -g -O2 -Wall -Wstrict-prototypes -fPIC  -D_GNU_SOURCE -D_LARGEFILE_SOURCE -D_FILE_OFFSET_BITS=64 -I/usr/include -I/usr/local/include conftest.c >&5
conftest.c:53:1: warning: function declaration isn't a prototype [-Wstrict-prototypes]
 main ()
 ^~~~
configure:4226: $? = 0
configure:4226: gcc -c -g -O2 -Wall -Wstrict-prototypes -fPIC  -D_GNU_SOURCE -D_LARGEFILE_SOURCE -D_FILE_OFFSET_BITS=64 -I/usr/include -I/usr/local/include conftest.c >&5
conftest.c:53:1: warning: function declaration isn't a prototype [-Wstrict-prototypes]
 main ()
 ^~~~
conftest.c: In function 'main':
conftest.c:55:20: error: expected expression before ')' token
 if (sizeof ((_Bool)))
                    ^
configure:4226: $? = 1
configure: failed program was:
| /* confdefs.h */
| #define PACKAGE_NAME "qLibc"
| #define PACKAGE_TARNAME "qlibc"
| #define PACKAGE_VERSION "2 RELEASE"
| #define PACKAGE_STRING "qLibc 2 RELEASE"
| #define PACKAGE_BUGREPORT "https://github.com/wolkykim/qlibc"
| #define PACKAGE_URL ""
| #define STDC_HEADERS 1
| #define HAVE_SYS_TYPES_H 1
| #define HAVE_SYS_STAT_H 1
| #define HAVE_STDLIB_H 1
| #define HAVE_STRING_H 1
| #define HAVE_MEMORY_H 1
| #define HAVE_STRINGS_H 1
| #define HAVE_INTTYPES_H 1
| #define HAVE_STDINT_H 1
| #define HAVE_UNISTD_H 1
| /* end confdefs.h.  */
| #include <stdio.h>
| #ifdef HAVE_SYS_TYPES_H
| # include <sys/types.h>
| #endif
| #ifdef HAVE_SYS_STAT_H
| # include <sys/stat.h>
| #endif
| #ifdef STDC_HEADERS
| # include <stdlib.h>
| # include <stddef.h>
| #else
| # ifdef HAVE_STDLIB_H
| #  include <stdlib.h>
| # endif
| #endif
| #ifdef HAVE_STRING_H
| # if !defined STDC_HEADERS && defined HAVE_MEMORY_H
| #  include <memory.h>
| # endif
| # include <string.h>
| #endif
| #ifdef HAVE_STRINGS_H
| # include <strings.h>
| #endif
| #ifdef HAVE_INTTYPES_H
| # include <inttypes.h>
| #endif
| #ifdef HAVE_STDINT_H
| # include <stdint.h>
| #endif
| #ifdef HAVE_UNISTD_H
| # include <unistd.h>
| #endif
| int
| main ()
| {
| if (sizeof ((_Bool)))
| 	    return 0;
|   ;
|   return 0;
| }
configure:4226: result: yes
configure:4246: checking for dirent.h that defines DIR
configure:4265: gcc -c -g -O2 -Wall -Wstrict-prototypes -fPIC  -D_GNU_SOURCE -D_LARGEFILE_SOURCE -D_FILE_OFFSET_BITS=64 -I/usr/include -I/usr/local/include conftest.c >&5
conftest.c:25:1: warning: function declaration isn't a prototype [-Wstrict-prototypes]
 main ()
 ^~~~
configure:4265: $? = 0
configure:4273: result: yes
configure:4286: checking for library containing opendir
configure:4317: gcc -o conftest -g -O2 -Wall -Wstrict-prototypes -fPIC  -D_GNU_SOURCE -D_LARGEFILE_SOURCE -D_FILE_OFFSET_BITS=64 -I/usr/include -I/usr/local/include  -L/usr/lib -L/usr/local/lib conftest.c  >&5
conftest.c:29:1: warning: function declaration isn't a prototype [-Wstrict-prototypes]
 char opendir ();
 ^~~~
conftest.c:31:1: warning: function declaration isn't a prototype [-Wstrict-prototypes]
 main ()
 ^~~~
configure:4317: $? = 0
configure:4334: result: none required
configure:4401: checking for inttypes.h
configure:4401: result: yes
configure:4409: checking for int8_t
configure:4409: gcc -c -g -O2 -Wall -Wstrict-prototypes -fPIC  -D_GNU_SOURCE -D_LARGEFILE_SOURCE -D_FILE_OFFSET_BITS=64 -I/usr/include -I/usr/local/include conftest.c >&5
conftest.c:57:1: warning: function declaration isn't a prototype [-Wstrict-prototypes]
 main ()
 ^~~~
configure:4409: $? = 0
configure:4409: gcc -c -g -O2 -Wall -Wstrict-prototypes -fPIC  -D_GNU_SOURCE -D_LARGEFILE_SOURCE -D_FILE_OFFSET_BITS=64 -I/usr/include -I/usr/local/include conftest.c >&5
conftest.c:57:1: warning: function declaration isn't a prototype [-Wstrict-prototypes]
 main ()
 ^~~~
conftest.c: In function 'main':
conftest.c:59:12: error: size of array 'test_array' is negative
 static int test_array [1 - 2 * !((int8_t) (((((int8_t) 1 << N) << N) - 1) * 2 + 1)
            ^~~~~~~~~~
configure:4409: $? = 1
configure: failed program was:
| /* confdefs.h */
| #define PACKAGE_NAME "qLibc"
| #define PACKAGE_TARNAME "qlibc"
| #define PACKAGE_VERSION "2 RELEASE"
| #define PACKAGE_STRING "qLibc 2 RELEASE"
| #define PACKAGE_BUGREPORT "https://github.com/wolkykim/qlibc"
| #define PACKAGE_URL ""
| #define STDC_HEADERS 1
| #define HAVE_SYS_TYPES_H 1
| #define HAVE_SYS_STAT_H 1
| #define HAVE_STDLIB_H 1
| #define HAVE_STRING_H 1
| #define HAVE_MEMORY_H 1
| #define HAVE_STRINGS_H 1
| #define HAVE_INTTYPES_H 1
| #define HAVE_STDINT_H 1
| #define HAVE_UNISTD_H 1
| #define HAVE__BOOL 1
| #define HAVE_STDBOOL_H 1
| #define HAVE_DIRENT_H 1
| /* end confdefs.h.  */
| #include <stdio.h>
| #ifdef HAVE_SYS_TYPES_H
| # include <sys/types.h>
| #endif
| #ifdef HAVE_SYS_STAT_H
| # include <sys/stat.h>
| #endif
| #ifdef STDC_HEADERS
| # include <stdlib.h>
| # include <stddef.h>
| #else
| # ifdef HAVE_STDLIB_H
| #  include <stdlib.h>
| # endif
| #endif
| #ifdef HAVE_STRING_H
| # if !defined STDC_HEADERS && defined HAVE_MEMORY_H
| #  include <memory.h>
| # endif
| # include <string.h>
| #endif
| #ifdef HAVE_STRINGS_H
| # include <strings.h>
| #endif
| #ifdef HAVE_INTTYPES_H
| # include <inttypes.h>
| #endif
| #ifdef HAVE_STDINT_H
| # include <stdint.h>
| #endif
| #ifdef HAVE_UNISTD_H
| # include <unistd.h>
| #endif
| 	        enum { N = 8 / 2 - 1 };
| int
| main ()
| {
| static int test_array [1 - 2 * !((int8_t) (((((int8_t) 1 << N) << N) - 1) * 2 + 1)
| 		 < (int8_t) (((((int8_t) 1 << N) << N) - 1) * 2 + 2))];
| test_array [0] = 0;
| return test_array [0];
| 
|   ;
|   return 0;
| }
configure:4409: result: yes
configure:4420: checking for int16_t
configure:4420: gcc -c -g -O2 -Wall -Wstrict-prototypes -fPIC  -D_GNU_SOURCE -D_LARGEFILE_SOURCE -D_FILE_OFFSET_BITS=64 -I/usr/include -I/usr/local/include conftest.c >&5
conftest.c:57:1: warning: function declaration isn't a prototype [-Wstrict-prototypes]
 main ()
 ^~~~
configure:4420: $? = 0
configure:4420: gcc -c -g -O2 -Wall -Wstrict-prototypes -fPIC  -D_GNU_SOURCE -D_LARGEFILE_SOURCE -D_FILE_OFFSET_BITS=64 -I/usr/include -I/usr/local/include conftest.c >&5
conftest.c:57:1: warning: function declaration isn't a prototype [-Wstrict-prototypes]
 main ()
 ^~~~
conftest.c: In function 'main':
conftest.c:59:12: error: size of array 'test_array' is negative
 static int test_array [1 - 2 * !((int16_t) (((((int16_t) 1 << N) << N) - 1) * 2 + 1)
            ^~~~~~~~~~
configure:4420: $? = 1
configure: failed program was:
| /* confdefs.h */
| #define PACKAGE_NAME "qLibc"
| #define PACKAGE_TARNAME "qlibc"
| #define PACKAGE_VERSION "2 RELEASE"
| #define PACKAGE_STRING "qLibc 2 RELEASE"
| #define PACKAGE_BUGREPORT "https://github.com/wolkykim/qlibc"
| #define PACKAGE_URL ""
| #define STDC_HEADERS 1
| #define HAVE_SYS_TYPES_H 1
| #define HAVE_SYS_STAT_H 1
| #define HAVE_STDLIB_H 1
| #define HAVE_STRING_H 1
| #define HAVE_MEMORY_H 1
| #define HAVE_STRINGS_H 1
| #define HAVE_INTTYPES_H 1
| #define HAVE_STDINT_H 1
| #define HAVE_UNISTD_H 1
| #define HAVE__BOOL 1
| #define HAVE_STDBOOL_H 1
| #define HAVE_DIRENT_H 1
| /* end confdefs.h.  */
| #include <stdio.h>
| #ifdef HAVE_SYS_TYPES_H
| # include <sys/types.h>
| #endif
| #ifdef HAVE_SYS_STAT_H
| # include <sys/stat.h>
| #endif
| #ifdef STDC_HEADERS
| # include <stdlib.h>
| # include <stddef.h>
| #else
| # ifdef HAVE_STDLIB_H
| #  include <stdlib.h>
| # endif
| #endif
| #ifdef HAVE_STRING_H
| # if !defined STDC_HEADERS && defined HAVE_MEMORY_H
| #  include <memory.h>
| # endif
| # include <string.h>
| #endif
| #ifdef HAVE_STRINGS_H
| # include <strings.h>
| #endif
| #ifdef HAVE_INTTYPES_H
| # include <inttypes.h>
| #endif
| #ifdef HAVE_STDINT_H
| # include <stdint.h>
| #endif
| #ifdef HAVE_UNISTD_H
| # include <unistd.h>
| #endif
| 	        enum { N = 16 / 2 - 1 };
| int
| main ()
| {
| static int test_array [1 - 2 * !((int16_t) (((((int16_t) 1 << N) << N) - 1) * 2 + 1)
| 		 < (int16_t) (((((int16_t) 1 << N) << N) - 1) * 2 + 2))];
| test_array [0] = 0;
| return test_array [0];
| 
|   ;
|   return 0;
| }
configure:4420: result: yes
configure:4431: checking for int32_t
configure:4431: gcc -c -g -O2 -Wall -Wstrict-prototypes -fPIC  -D_GNU_SOURCE -D_LARGEFILE_SOURCE -D_FILE_OFFSET_BITS=64 -I/usr/include -I/usr/local/include conftest.c >&5
conftest.c:57:1: warning: function declaration isn't a prototype [-Wstrict-prototypes]
 main ()
 ^~~~
configure:4431: $? = 0
configure:4431: gcc -c -g -O2 -Wall -Wstrict-prototypes -fPIC  -D_GNU_SOURCE -D_LARGEFILE_SOURCE -D_FILE_OFFSET_BITS=64 -I/usr/include -I/usr/local/include conftest.c >&5
conftest.c:57:1: warning: function declaration isn't a prototype [-Wstrict-prototypes]
 main ()
 ^~~~
conftest.c: In function 'main':
conftest.c:60:53: warning: integer overflow in expression of type 'int' results in '-2147483648' [-Woverflow]
    < (int32_t) (((((int32_t) 1 << N) << N) - 1) * 2 + 2))];
                                                     ^
conftest.c:59:12: error: storage size of 'test_array' isn't constant
 static int test_array [1 - 2 * !((int32_t) (((((int32_t) 1 << N) << N) - 1) * 2 + 1)
            ^~~~~~~~~~
conftest.c:59:12: warning: unused variable 'test_array' [-Wunused-variable]
configure:4431: $? = 1
configure: failed program was:
| /* confdefs.h */
| #define PACKAGE_NAME "qLibc"
| #define PACKAGE_TARNAME "qlibc"
| #define PACKAGE_VERSION "2 RELEASE"
| #define PACKAGE_STRING "qLibc 2 RELEASE"
| #define PACKAGE_BUGREPORT "https://github.com/wolkykim/qlibc"
| #define PACKAGE_URL ""
| #define STDC_HEADERS 1
| #define HAVE_SYS_TYPES_H 1
| #define HAVE_SYS_STAT_H 1
| #define HAVE_STDLIB_H 1
| #define HAVE_STRING_H 1
| #define HAVE_MEMORY_H 1
| #define HAVE_STRINGS_H 1
| #define HAVE_INTTYPES_H 1
| #define HAVE_STDINT_H 1
| #define HAVE_UNISTD_H 1
| #define HAVE__BOOL 1
| #define HAVE_STDBOOL_H 1
| #define HAVE_DIRENT_H 1
| /* end confdefs.h.  */
| #include <stdio.h>
| #ifdef HAVE_SYS_TYPES_H
| # include <sys/types.h>
| #endif
| #ifdef HAVE_SYS_STAT_H
| # include <sys/stat.h>
| #endif
| #ifdef STDC_HEADERS
| # include <stdlib.h>
| # include <stddef.h>
| #else
| # ifdef HAVE_STDLIB_H
| #  include <stdlib.h>
| # endif
| #endif
| #ifdef HAVE_STRING_H
| # if !defined STDC_HEADERS && defined HAVE_MEMORY_H
| #  include <memory.h>
| # endif
| # include <string.h>
| #endif
| #ifdef HAVE_STRINGS_H
| # include <strings.h>
| #endif
| #ifdef HAVE_INTTYPES_H
| # include <inttypes.h>
| #endif
| #ifdef HAVE_STDINT_H
| # include <stdint.h>
| #endif
| #ifdef HAVE_UNISTD_H
| # include <unistd.h>
| #endif
| 	        enum { N = 32 / 2 - 1 };
| int
| main ()
| {
| static int test_array [1 - 2 * !((int32_t) (((((int32_t) 1 << N) << N) - 1) * 2 + 1)
| 		 < (int32_t) (((((int32_t) 1 << N) << N) - 1) * 2 + 2))];
| test_array [0] = 0;
| return test_array [0];
| 
|   ;
|   return 0;
| }
configure:4431: result: yes
configure:4442: checking for int64_t
configure:4442: gcc -c -g -O2 -Wall -Wstrict-prototypes -fPIC  -D_GNU_SOURCE -D_LARGEFILE_SOURCE -D_FILE_OFFSET_BITS=64 -I/usr/include -I/usr/local/include conftest.c >&5
conftest.c:57:1: warning: function declaration isn't a prototype [-Wstrict-prototypes]
 main ()
 ^~~~
configure:4442: $? = 0
configure:4442: gcc -c -g -O2 -Wall -Wstrict-prototypes -fPIC  -D_GNU_SOURCE -D_LARGEFILE_SOURCE -D_FILE_OFFSET_BITS=64 -I/usr/include -I/usr/local/include conftest.c >&5
conftest.c:57:1: warning: function declaration isn't a prototype [-Wstrict-prototypes]
 main ()
 ^~~~
conftest.c: In function 'main':
conftest.c:60:53: warning: integer overflow in expression of type 'long int' results in '-9223372036854775808' [-Woverflow]
    < (int64_t) (((((int64_t) 1 << N) << N) - 1) * 2 + 2))];
                                                     ^
conftest.c:59:12: error: storage size of 'test_array' isn't constant
 static int test_array [1 - 2 * !((int64_t) (((((int64_t) 1 << N) << N) - 1) * 2 + 1)
            ^~~~~~~~~~
conftest.c:59:12: warning: unused variable 'test_array' [-Wunused-variable]
configure:4442: $? = 1
configure: failed program was:
| /* confdefs.h */
| #define PACKAGE_NAME "qLibc"
| #define PACKAGE_TARNAME "qlibc"
| #define PACKAGE_VERSION "2 RELEASE"
| #define PACKAGE_STRING "qLibc 2 RELEASE"
| #define PACKAGE_BUGREPORT "https://github.com/wolkykim/qlibc"
| #define PACKAGE_URL ""
| #define STDC_HEADERS 1
| #define HAVE_SYS_TYPES_H 1
| #define HAVE_SYS_STAT_H 1
| #define HAVE_STDLIB_H 1
| #define HAVE_STRING_H 1
| #define HAVE_MEMORY_H 1
| #define HAVE_STRINGS_H 1
| #define HAVE_INTTYPES_H 1
| #define HAVE_STDINT_H 1
| #define HAVE_UNISTD_H 1
| #define HAVE__BOOL 1
| #define HAVE_STDBOOL_H 1
| #define HAVE_DIRENT_H 1
| /* end confdefs.h.  */
| #include <stdio.h>
| #ifdef HAVE_SYS_TYPES_H
| # include <sys/types.h>
| #endif
| #ifdef HAVE_SYS_STAT_H
| # include <sys/stat.h>
| #endif
| #ifdef STDC_HEADERS
| # include <stdlib.h>
| # include <stddef.h>
| #else
| # ifdef HAVE_STDLIB_H
| #  include <stdlib.h>
| # endif
| #endif
| #ifdef HAVE_STRING_H
| # if !defined STDC_HEADERS && defined HAVE_MEMORY_H
| #  include <memory.h>
| # endif
| # include <string.h>
| #endif
| #ifdef HAVE_STRINGS_H
| # include <strings.h>
| #endif
| #ifdef HAVE_INTTYPES_H
| # include <inttypes.h>
| #endif
| #ifdef HAVE_STDINT_H
| # include <stdint.h>
| #endif
| #ifdef HAVE_UNISTD_H
| # include <unistd.h>
| #endif
| 	        enum { N = 64 / 2 - 1 };
| int
| main ()
| {
| static int test_array [1 - 2 * !((int64_t) (((((int64_t) 1 << N) << N) - 1) * 2 + 1)
| 		 < (int64_t) (((((int64_t) 1 << N) << N) - 1) * 2 + 2))];
| test_array [0] = 0;
| return test_array [0];
| 
|   ;
|   return 0;
| }
configure:4442: result: yes
configure:4453: checking for uint8_t
configure:4453: gcc -c -g -O2 -Wall -Wstrict-prototypes -fPIC  -D_GNU_SOURCE -D_LARGEFILE_SOURCE -D_FILE_OFFSET_BITS=64 -I/usr/include -I/usr/local/include conftest.c >&5
conftest.c:56:1: warning: function declaration isn't a prototype [-Wstrict-prototypes]
 main ()
 ^~~~
configure:4453: $? = 0
configure:4453: result: yes
configure:4467: checking for uint16_t
configure:4467: gcc -c -g -O2 -Wall -Wstrict-prototypes -fPIC  -D_GNU_SOURCE -D_LARGEFILE_SOURCE -D_FILE_OFFSET_BITS=64 -I/usr/include -I/usr/local/include conftest.c >&5
conftest.c:56:1: warning: function declaration isn't a prototype [-Wstrict-prototypes]
 main ()
 ^~~~
configure:4467: $? = 0
configure:4467: result: yes
configure:4479: checking for uint32_t
configure:4479: gcc -c -g -O2 -Wall -Wstrict-prototypes -fPIC  -D_GNU_SOURCE -D_LARGEFILE_SOURCE -D_FILE_OFFSET_BITS=64 -I/usr/include -I/usr/local/include conftest.c >&5
conftest.c:56:1: warning: function declaration isn't a prototype [-Wstrict-prototypes]
 main ()
 ^~~~
configure:4479: $? = 0
configure:4479: result: yes
configure:4493: checking for uint64_t
configure:4493: gcc -c -g -O2 -Wall -Wstrict-prototypes -fPIC  -D_GNU_SOURCE -D_LARGEFILE_SOURCE -D_FILE_OFFSET_BITS=64 -I/usr/include -I/usr/local/include conftest.c >&5
conftest.c:56:1: warning: function declaration isn't a prototype [-Wstrict-prototypes]
 main ()
 ^~~~
configure:4493: $? = 0
configure:4493: result: yes
configure:4507: checking for size_t
configure:4507: gcc -c -g -O2 -Wall -Wstrict-prototypes -fPIC  -D_GNU_SOURCE -D_LARGEFILE_SOURCE -D_FILE_OFFSET_BITS=64 -I/usr/include -I/usr/local/include conftest.c >&5
conftest.c:56:1: warning: function declaration isn't a prototype [-Wstrict-prototypes]
 main ()
 ^~~~
configure:4507: $? = 0
configure:4507: gcc -c -g -O2 -Wall -Wstrict-prototypes -fPIC  -D_GNU_SOURCE -D_LARGEFILE_SOURCE -D_FILE_OFFSET_BITS=64 -I/usr/include -I/usr/local/include conftest.c >&5
conftest.c:56:1: warning: function declaration isn't a prototype [-Wstrict-prototypes]
 main ()
 ^~~~
conftest.c: In function 'main':
conftest.c:58:21: error: expected expression before ')' token
 if (sizeof ((size_t)))
                     ^
configure:4507: $? = 1
configure: failed program was:
| /* confdefs.h */
| #define PACKAGE_NAME "qLibc"
| #define PACKAGE_TARNAME "qlibc"
| #define PACKAGE_VERSION "2 RELEASE"
| #define PACKAGE_STRING "qLibc 2 RELEASE"
| #define PACKAGE_BUGREPORT "https://github.com/wolkykim/qlibc"
| #define PACKAGE_URL ""
| #define STDC_HEADERS 1
| #define HAVE_SYS_TYPES_H 1
| #define HAVE_SYS_STAT_H 1
| #define HAVE_STDLIB_H 1
| #define HAVE_STRING_H 1
| #define HAVE_MEMORY_H 1
| #define HAVE_STRINGS_H 1
| #define HAVE_INTTYPES_H 1
| #define HAVE_STDINT_H 1
| #define HAVE_UNISTD_H 1
| #define HAVE__BOOL 1
| #define HAVE_STDBOOL_H 1
| #define HAVE_DIRENT_H 1
| /* end confdefs.h.  */
| #include <stdio.h>
| #ifdef HAVE_SYS_TYPES_H
| # include <sys/types.h>
| #endif
| #ifdef HAVE_SYS_STAT_H
| # include <sys/stat.h>
| #endif
| #ifdef STDC_HEADERS
| # include <stdlib.h>
| # include <stddef.h>
| #else
| # ifdef HAVE_STDLIB_H
| #  include <stdlib.h>
| # endif
| #endif
| #ifdef HAVE_STRING_H
| # if !defined STDC_HEADERS && defined HAVE_MEMORY_H
| #  include <memory.h>
| # endif
| # include <string.h>
| #endif
| #ifdef HAVE_STRINGS_H
| # include <strings.h>
| #endif
| #ifdef HAVE_INTTYPES_H
| # include <inttypes.h>
| #endif
| #ifdef HAVE_STDINT_H
| # include <stdint.h>
| #endif
| #ifdef HAVE_UNISTD_H
| # include <unistd.h>
| #endif
| int
| main ()
| {
| if (sizeof ((size_t)))
| 	    return 0;
|   ;
|   return 0;
| }
configure:4507: result: yes
configure:4518: checking for ssize_t
configure:4518: gcc -c -g -O2 -Wall -Wstrict-prototypes -fPIC  -D_GNU_SOURCE -D_LARGEFILE_SOURCE -D_FILE_OFFSET_BITS=64 -I/usr/include -I/usr/local/include conftest.c >&5
conftest.c:56:1: warning: function declaration isn't a prototype [-Wstrict-prototypes]
 main ()
 ^~~~
configure:4518: $? = 0
configure:4518: gcc -c -g -O2 -Wall -Wstrict-prototypes -fPIC  -D_GNU_SOURCE -D_LARGEFILE_SOURCE -D_FILE_OFFSET_BITS=64 -I/usr/include -I/usr/local/include conftest.c >&5
conftest.c:56:1: warning: function declaration isn't a prototype [-Wstrict-prototypes]
 main ()
 ^~~~
conftest.c: In function 'main':
conftest.c:58:22: error: expected expression before ')' token
 if (sizeof ((ssize_t)))
                      ^
configure:4518: $? = 1
configure: failed program was:
| /* confdefs.h */
| #define PACKAGE_NAME "qLibc"
| #define PACKAGE_TARNAME "qlibc"
| #define PACKAGE_VERSION "2 RELEASE"
| #define PACKAGE_STRING "qLibc 2 RELEASE"
| #define PACKAGE_BUGREPORT "https://github.com/wolkykim/qlibc"
| #define PACKAGE_URL ""
| #define STDC_HEADERS 1
| #define HAVE_SYS_TYPES_H 1
| #define HAVE_SYS_STAT_H 1
| #define HAVE_STDLIB_H 1
| #define HAVE_STRING_H 1
| #define HAVE_MEMORY_H 1
| #define HAVE_STRINGS_H 1
| #define HAVE_INTTYPES_H 1
| #define HAVE_STDINT_H 1
| #define HAVE_UNISTD_H 1
| #define HAVE__BOOL 1
| #define HAVE_STDBOOL_H 1
| #define HAVE_DIRENT_H 1
| /* end confdefs.h.  */
| #include <stdio.h>
| #ifdef HAVE_SYS_TYPES_H
| # include <sys/types.h>
| #endif
| #ifdef HAVE_SYS_STAT_H
| # include <sys/stat.h>
| #endif
| #ifdef STDC_HEADERS
| # include <stdlib.h>
| # include <stddef.h>
| #else
| # ifdef HAVE_STDLIB_H
| #  include <stdlib.h>
| # endif
| #endif
| #ifdef HAVE_STRING_H
| # if !defined STDC_HEADERS && defined HAVE_MEMORY_H
| #  include <memory.h>
| # endif
| # include <string.h>
| #endif
| #ifdef HAVE_STRINGS_H
| # include <strings.h>
| #endif
| #ifdef HAVE_INTTYPES_H
| # include <inttypes.h>
| #endif
| #ifdef HAVE_STDINT_H
| # include <stdint.h>
| #endif
| #ifdef HAVE_UNISTD_H
| # include <unistd.h>
| #endif
| int
| main ()
| {
| if (sizeof ((ssize_t)))
| 	    return 0;
|   ;
|   return 0;
| }
configure:4518: result: yes
configure:4529: checking for off_t
configure:4529: gcc -c -g -O2 -Wall -Wstrict-prototypes -fPIC  -D_GNU_SOURCE -D_LARGEFILE_SOURCE -D_FILE_OFFSET_BITS=64 -I/usr/include -I/usr/local/include conftest.c >&5
conftest.c:56:1: warning: function declaration isn't a prototype [-Wstrict-prototypes]
 main ()
 ^~~~
configure:4529: $? = 0
configure:4529: gcc -c -g -O2 -Wall -Wstrict-prototypes -fPIC  -D_GNU_SOURCE -D_LARGEFILE_SOURCE -D_FILE_OFFSET_BITS=64 -I/usr/include -I/usr/local/include conftest.c >&5
conftest.c:56:1: warning: function declaration isn't a prototype [-Wstrict-prototypes]
 main ()
 ^~~~
conftest.c: In function 'main':
conftest.c:58:20: error: expected expression before ')' token
 if (sizeof ((off_t)))
                    ^
configure:4529: $? = 1
configure: failed program was:
| /* confdefs.h */
| #define PACKAGE_NAME "qLibc"
| #define PACKAGE_TARNAME "qlibc"
| #define PACKAGE_VERSION "2 RELEASE"
| #define PACKAGE_STRING "qLibc 2 RELEASE"
| #define PACKAGE_BUGREPORT "https://github.com/wolkykim/qlibc"
| #define PACKAGE_URL ""
| #define STDC_HEADERS 1
| #define HAVE_SYS_TYPES_H 1
| #define HAVE_SYS_STAT_H 1
| #define HAVE_STDLIB_H 1
| #define HAVE_STRING_H 1
| #define HAVE_MEMORY_H 1
| #define HAVE_STRINGS_H 1
| #define HAVE_INTTYPES_H 1
| #define HAVE_STDINT_H 1
| #define HAVE_UNISTD_H 1
| #define HAVE__BOOL 1
| #define HAVE_STDBOOL_H 1
| #define HAVE_DIRENT_H 1
| /* end confdefs.h.  */
| #include <stdio.h>
| #ifdef HAVE_SYS_TYPES_H
| # include <sys/types.h>
| #endif
| #ifdef HAVE_SYS_STAT_H
| # include <sys/stat.h>
| #endif
| #ifdef STDC_HEADERS
| # include <stdlib.h>
| # include <stddef.h>
| #else
| # ifdef HAVE_STDLIB_H
| #  include <stdlib.h>
| # endif
| #endif
| #ifdef HAVE_STRING_H
| # if !defined STDC_HEADERS && defined HAVE_MEMORY_H
| #  include <memory.h>
| # endif
| # include <string.h>
| #endif
| #ifdef HAVE_STRINGS_H
| # include <strings.h>
| #endif
| #ifdef HAVE_INTTYPES_H
| # include <inttypes.h>
| #endif
| #ifdef HAVE_STDINT_H
| # include <stdint.h>
| #endif
| #ifdef HAVE_UNISTD_H
| # include <unistd.h>
| #endif
| int
| main ()
| {
| if (sizeof ((off_t)))
| 	    return 0;
|   ;
|   return 0;
| }
configure:4529: result: yes
configure:4544: checking for main in -lpthread
configure:4563: gcc -o conftest -g -O2 -Wall -Wstrict-prototypes -fPIC  -D_GNU_SOURCE -D_LARGEFILE_SOURCE -D_FILE_OFFSET_BITS=64 -I/usr/include -I/usr/local/include  -L/usr/lib -L/usr/local/lib conftest.c -lpthread   >&5
conftest.c:25:1: warning: function declaration isn't a prototype [-Wstrict-prototypes]
 main ()
 ^~~~
configure:4563: $? = 0
configure:4572: result: yes
configure:4820: CFLAGS -g -O2 -Wall -Wstrict-prototypes -fPIC -g -O2
configure:4822: CPPFLAGS  -D_GNU_SOURCE -D_LARGEFILE_SOURCE -D_FILE_OFFSET_BITS=64 -I/usr/include -I/usr/local/include
configure:4933: creating ./config.status

## ---------------------- ##
## Running config.status. ##
## ---------------------- ##

This file was extended by qLibc config.status 2 RELEASE, which was
generated by GNU Autoconf 2.69.  Invocation command line was

  CONFIG_FILES    = 
  CONFIG_HEADERS  = 
  CONFIG_LINKS    = 
  CONFIG_COMMANDS = 
  $ ./config.status 

on mx

config.status:817: creating Makefile
config.status:817: creating src/Makefile
config.status:817: creating tests/Makefile
config.status:817: creating examples/Makefile
config.status:817: creating config.h

## ---------------- ##
## Cache variables. ##
## ---------------- ##

ac_cv_c_compiler_gnu=yes
ac_cv_c_int16_t=yes
ac_cv_c_int32_t=yes
ac_cv_c_int64_t=yes
ac_cv_c_int8_t=yes
ac_cv_c_uint16_t=yes
ac_cv_c_uint32_t=yes
ac_cv_c_uint64_t=yes
ac_cv_c_uint8_t=yes
ac_cv_env_CC_set=
ac_cv_env_CC_value=
ac_cv_env_CFLAGS_set=
ac_cv_env_CFLAGS_value=
ac_cv_env_CPPFLAGS_set=
ac_cv_env_CPPFLAGS_value=
ac_cv_env_CPP_set=
ac_cv_env_CPP_value=
ac_cv_env_LDFLAGS_set=
ac_cv_env_LDFLAGS_value=
ac_cv_env_LIBS_set=
ac_cv_env_LIBS_value=
ac_cv_env_build_alias_set=
ac_cv_env_build_alias_value=
ac_cv_env_host_alias_set=
ac_cv_env_host_alias_value=
ac_cv_env_target_alias_set=
ac_cv_env_target_alias_value=
ac_cv_header_dirent_dirent_h=yes
ac_cv_header_inttypes_h=yes
ac_cv_header_memory_h=yes
ac_cv_header_stdbool_h=yes
ac_cv_header_stdc=yes
ac_cv_header_stdint_h=yes
ac_cv_header_stdlib_h=yes
ac_cv_header_string_h=yes
ac_cv_header_strings_h=yes
ac_cv_header_sys_stat_h=yes
ac_cv_header_sys_types_h=yes
ac_cv_header_unistd_h=yes
ac_cv_lib_pthread_main=yes
ac_cv_objext=o
ac_cv_path_AR=/usr/bin/ar
ac_cv_path_CHMOD=/usr/bin/chmod
ac_cv_path_EGREP='/usr/bin/grep -E'
ac_cv_path_GREP=/usr/bin/grep
ac_cv_path_LD=/usr/bin/ld
ac_cv_path_RM=/usr/bin/rm
ac_cv_path_install='/usr/bin/install -c'
ac_cv_path_mkdir=/usr/bin/mkdir
ac_cv_prog_CPP='gcc -E'
ac_cv_prog_ac_ct_CC=gcc
ac_cv_prog_ac_ct_RANLIB=ranlib
ac_cv_prog_cc_c89=
ac_cv_prog_cc_c99=
ac_cv_prog_cc_g=yes
ac_cv_prog_make_make_set=yes
ac_cv_search_opendir='none required'
ac_cv_type__Bool=yes
ac_cv_type_off_t=yes
ac_cv_type_size_t=yes
ac_cv_type_ssize_t=yes

## ----------------- ##
## Output variables. ##
## ----------------- ##

AR='/usr/bin/ar'
BUILD_TARGETS='qlibc qlibcext'
CC='gcc'
CFLAGS='-g -O2 -Wall -Wstrict-prototypes -fPIC -g -O2'
CHMOD='/usr/bin/chmod'
CPP='gcc -E'
CPPFLAGS=' -D_GNU_SOURCE -D_LARGEFILE_SOURCE -D_FILE_OFFSET_BITS=64 -I/usr/include -I/usr/local/include'
DEFS='-DHAVE_CONFIG_H'
DEPLIBS='-lpthread'
ECHO_C=''
ECHO_N='-n'
ECHO_T=''
EGREP='/usr/bin/grep -E'
EXAMPLES_TARGETS='TARGETS1'
EXEEXT=''
GREP='/usr/bin/grep'
INSTALL_DATA='${INSTALL} -m 644'
INSTALL_PROGRAM='${INSTALL}'
INSTALL_SCRIPT='${INSTALL}'
INSTALL_TARGETS='install-qlibc install-qlibcext'
LD='/usr/bin/ld'
LDFLAGS=' -L/usr/lib -L/usr/local/lib'
LIBOBJS=''
LIBS='-lpthread '
LN_S='ln -s'
LTLIBOBJS=''
MKDIR_P='/usr/bin/mkdir -p'
OBJEXT='o'
PACKAGE_BUGREPORT='https://github.com/wolkykim/qlibc'
PACKAGE_NAME='qLibc'
PACKAGE_STRING='qLibc 2 RELEASE'
PACKAGE_TARNAME='qlibc'
PACKAGE_URL=''
PACKAGE_VERSION='2 RELEASE'
PATH_SEPARATOR=':'
RANLIB='ranlib'
RM='/usr/bin/rm'
SET_MAKE=''
SHELL='/bin/bash'
ac_ct_CC='gcc'
bindir='${exec_prefix}/bin'
build_alias=''
datadir='${datarootdir}'
datarootdir='${prefix}/share'
docdir='${datarootdir}/doc/${PACKAGE_TARNAME}'
dvidir='${docdir}'
exec_prefix='${prefix}'
host_alias=''
htmldir='${docdir}'
includedir='${prefix}/include'
infodir='${datarootdir}/info'
libdir='${exec_prefix}/lib'
libexecdir='${exec_prefix}/libexec'
localedir='${datarootdir}/locale'
localstatedir='${prefix}/var'
mandir='${datarootdir}/man'
oldincludedir='/usr/include'
pdfdir='${docdir}'
prefix='/usr/local'
program_transform_name='s,x,x,'
psdir='${docdir}'
sbindir='${exec_prefix}/sbin'
sharedstatedir='${prefix}/com'
sysconfdir='${prefix}/etc'
target_alias=''

## ----------- ##
## confdefs.h. ##
## ----------- ##

/* confdefs.h */
#define PACKAGE_NAME "qLibc"
#define PACKAGE_TARNAME "qlibc"
#define PACKAGE_VERSION "2 RELEASE"
#define PACKAGE_STRING "qLibc 2 RELEASE"
#define PACKAGE_BUGREPORT "https://github.com/wolkykim/qlibc"
#define PACKAGE_URL ""
#define STDC_HEADERS 1
#define HAVE_SYS_TYPES_H 1
#define HAVE_SYS_STAT_H 1
#define HAVE_STDLIB_H 1
#define HAVE_STRING_H 1
#define HAVE_MEMORY_H 1
#define HAVE_STRINGS_H 1
#define HAVE_INTTYPES_H 1
#define HAVE_STDINT_H 1
#define HAVE_UNISTD_H 1
#define HAVE__BOOL 1
#define HAVE_STDBOOL_H 1
#define HAVE_DIRENT_H 1
#define HAVE_LIBPTHREAD 1

configure: exit 0
